<?xml version="1.0" encoding="utf-8"?><testsuite errors="4" failures="3" name="pytest" skipped="17" tests="68" time="68.727"><testcase classname="tests.unit_tests.__init__" file="tests/unit_tests/__init__.py" line="-1" name="FLAKE8" time="0.001"><skipped message="file(s) previously passed FLAKE8 checks" type="pytest.skip">/Users/ivanlee/miniconda3/envs/ucp/lib/python3.7/site-packages/pytest_flake8.py:106: file(s) previously passed FLAKE8 checks</skipped></testcase><testcase classname="tests.unit_tests.test_client" file="tests/unit_tests/test_client.py" line="-1" name="FLAKE8" time="0.201"><failure message="/Users/ivanlee/repos/unleash-client-python/tests/unit_tests/test_client.py:37:12: F821 undefined name &apos;false&apos;
">/Users/ivanlee/repos/unleash-client-python/tests/unit_tests/test_client.py:37:12: F821 undefined name &apos;false&apos;
</failure></testcase><testcase classname="tests.unit_tests.test_client" file="tests/unit_tests/test_client.py" line="51" name="test_UC_initialize_default" time="0.015"></testcase><testcase classname="tests.unit_tests.test_client" file="tests/unit_tests/test_client.py" line="58" name="test_UC_initialize_full" time="0.003"></testcase><testcase classname="tests.unit_tests.test_client" file="tests/unit_tests/test_client.py" line="76" name="test_UC_type_violation" time="0.002"></testcase><testcase classname="tests.unit_tests.test_client" file="tests/unit_tests/test_client.py" line="83" name="test_uc_lifecycle" time="31.038"><error message="test teardown failure">@pytest.fixture()
    def unleash_client():
        unleash_client = UnleashClient(URL, APP_NAME, refresh_interval=REFRESH_INTERVAL, metrics_interval=METRICS_INTERVAL)
        yield unleash_client
        unleash_client.destroy()
&gt;       assert false
E       NameError: name &apos;false&apos; is not defined

tests/unit_tests/test_client.py:37: NameError</error></testcase><testcase classname="tests.unit_tests.test_client" file="tests/unit_tests/test_client.py" line="102" name="test_uc_is_enabled" time="1.014"><error message="test teardown failure">@pytest.fixture()
    def unleash_client():
        unleash_client = UnleashClient(URL, APP_NAME, refresh_interval=REFRESH_INTERVAL, metrics_interval=METRICS_INTERVAL)
        yield unleash_client
        unleash_client.destroy()
&gt;       assert false
E       NameError: name &apos;false&apos; is not defined

tests/unit_tests/test_client.py:37: NameError</error></testcase><testcase classname="tests.unit_tests.test_client" file="tests/unit_tests/test_client.py" line="115" name="test_uc_is_enabled_with_context" time="1.020"></testcase><testcase classname="tests.unit_tests.test_client" file="tests/unit_tests/test_client.py" line="135" name="test_uc_is_enabled_error_states" time="1.013"><error message="test teardown failure">@pytest.fixture()
    def unleash_client():
        unleash_client = UnleashClient(URL, APP_NAME, refresh_interval=REFRESH_INTERVAL, metrics_interval=METRICS_INTERVAL)
        yield unleash_client
        unleash_client.destroy()
&gt;       assert false
E       NameError: name &apos;false&apos; is not defined

tests/unit_tests/test_client.py:37: NameError</error></testcase><testcase classname="tests.unit_tests.test_client" file="tests/unit_tests/test_client.py" line="149" name="test_uc_not_initialized" time="0.002"></testcase><testcase classname="tests.unit_tests.test_client" file="tests/unit_tests/test_client.py" line="156" name="test_uc_metrics" time="13.012"><error message="test teardown failure">@pytest.fixture()
    def unleash_client():
        unleash_client = UnleashClient(URL, APP_NAME, refresh_interval=REFRESH_INTERVAL, metrics_interval=METRICS_INTERVAL)
        yield unleash_client
        unleash_client.destroy()
&gt;       assert false
E       NameError: name &apos;false&apos; is not defined

tests/unit_tests/test_client.py:37: NameError</error></testcase><testcase classname="tests.unit_tests.test_client" file="tests/unit_tests/test_client.py" line="173" name="test_uc_disabled_registration" time="20.007"></testcase><testcase classname="tests.unit_tests.test_custom_strategy" file="tests/unit_tests/test_custom_strategy.py" line="-1" name="FLAKE8" time="0.001"><skipped message="file(s) previously passed FLAKE8 checks" type="pytest.skip">/Users/ivanlee/miniconda3/envs/ucp/lib/python3.7/site-packages/pytest_flake8.py:106: file(s) previously passed FLAKE8 checks</skipped></testcase><testcase classname="tests.unit_tests.test_custom_strategy" file="tests/unit_tests/test_custom_strategy.py" line="26" name="test_uc_custom_strategy" time="0.010"></testcase><testcase classname="tests.unit_tests.test_features" file="tests/unit_tests/test_features.py" line="-1" name="FLAKE8" time="0.001"><skipped message="file(s) previously passed FLAKE8 checks" type="pytest.skip">/Users/ivanlee/miniconda3/envs/ucp/lib/python3.7/site-packages/pytest_flake8.py:106: file(s) previously passed FLAKE8 checks</skipped></testcase><testcase classname="tests.unit_tests.test_features" file="tests/unit_tests/test_features.py" line="16" name="test_create_feature_true" time="0.001"></testcase><testcase classname="tests.unit_tests.test_features" file="tests/unit_tests/test_features.py" line="27" name="test_create_feature_false" time="0.001"></testcase><testcase classname="tests.unit_tests.test_features" file="tests/unit_tests/test_features.py" line="39" name="test_create_feature_not_enabled" time="0.001"></testcase><testcase classname="tests.unit_tests.test_features" file="tests/unit_tests/test_features.py" line="47" name="test_create_feature_exception" time="0.001"></testcase><testcase classname="tests.unit_tests.test_loader" file="tests/unit_tests/test_loader.py" line="-1" name="FLAKE8" time="0.098"><failure message="/Users/ivanlee/repos/unleash-client-python/tests/unit_tests/test_loader.py:23:12: F821 undefined name &apos;false&apos;
">/Users/ivanlee/repos/unleash-client-python/tests/unit_tests/test_loader.py:23:12: F821 undefined name &apos;false&apos;
</failure></testcase><testcase classname="tests.unit_tests.test_loader" file="tests/unit_tests/test_loader.py" line="13" name="test_loader_initialization" time="0.003"><failure message="NameError: name &apos;false&apos; is not defined">cache_full = &lt;fcache.cache.FileCache object at 0x106d0b668&gt;

    def test_loader_initialization(cache_full):  # noqa: F811
        # Set up variables
        in_memory_features = {}
        temp_cache = cache_full
    
        # Tests
        load_features(temp_cache, in_memory_features, DEFAULT_STRATEGY_MAPPING)
        assert isinstance(in_memory_features[&quot;GradualRolloutUserID&quot;], Feature)
        assert isinstance(in_memory_features[&quot;GradualRolloutUserID&quot;].strategies[0], GradualRolloutUserId)
&gt;       assert false
E       NameError: name &apos;false&apos; is not defined

tests/unit_tests/test_loader.py:23: NameError</failure></testcase><testcase classname="tests.unit_tests.test_loader" file="tests/unit_tests/test_loader.py" line="25" name="test_loader_refresh" time="0.003"></testcase><testcase classname="tests.unit_tests.test_loader" file="tests/unit_tests/test_loader.py" line="41" name="test_loader_initialization_failure" time="0.003"></testcase><testcase classname="tests.unit_tests.api.__init__" file="tests/unit_tests/api/__init__.py" line="-1" name="FLAKE8" time="0.001"><skipped message="file(s) previously passed FLAKE8 checks" type="pytest.skip">/Users/ivanlee/miniconda3/envs/ucp/lib/python3.7/site-packages/pytest_flake8.py:106: file(s) previously passed FLAKE8 checks</skipped></testcase><testcase classname="tests.unit_tests.api.test_feature" file="tests/unit_tests/api/test_feature.py" line="-1" name="FLAKE8" time="0.001"><skipped message="file(s) previously passed FLAKE8 checks" type="pytest.skip">/Users/ivanlee/miniconda3/envs/ucp/lib/python3.7/site-packages/pytest_flake8.py:106: file(s) previously passed FLAKE8 checks</skipped></testcase><testcase classname="tests.unit_tests.api.test_feature" file="tests/unit_tests/api/test_feature.py" line="10" name="test_get_feature_toggle_success" time="0.004"></testcase><testcase classname="tests.unit_tests.api.test_feature" file="tests/unit_tests/api/test_feature.py" line="23" name="test_get_feature_toggle_failure" time="0.005"></testcase><testcase classname="tests.unit_tests.api.test_metrics" file="tests/unit_tests/api/test_metrics.py" line="-1" name="FLAKE8" time="0.001"><skipped message="file(s) previously passed FLAKE8 checks" type="pytest.skip">/Users/ivanlee/miniconda3/envs/ucp/lib/python3.7/site-packages/pytest_flake8.py:106: file(s) previously passed FLAKE8 checks</skipped></testcase><testcase classname="tests.unit_tests.api.test_metrics" file="tests/unit_tests/api/test_metrics.py" line="11" name="test_send_metrics_success" time="0.004"></testcase><testcase classname="tests.unit_tests.api.test_metrics" file="tests/unit_tests/api/test_metrics.py" line="21" name="test_send_metrics_failure" time="0.004"></testcase><testcase classname="tests.unit_tests.api.test_metrics" file="tests/unit_tests/api/test_metrics.py" line="31" name="test_register_client_exception" time="0.009"></testcase><testcase classname="tests.unit_tests.api.test_register" file="tests/unit_tests/api/test_register.py" line="-1" name="FLAKE8" time="0.001"><skipped message="file(s) previously passed FLAKE8 checks" type="pytest.skip">/Users/ivanlee/miniconda3/envs/ucp/lib/python3.7/site-packages/pytest_flake8.py:106: file(s) previously passed FLAKE8 checks</skipped></testcase><testcase classname="tests.unit_tests.api.test_register" file="tests/unit_tests/api/test_register.py" line="10" name="test_register_client_success" time="0.004"></testcase><testcase classname="tests.unit_tests.api.test_register" file="tests/unit_tests/api/test_register.py" line="25" name="test_register_client_failure" time="0.003"></testcase><testcase classname="tests.unit_tests.api.test_register" file="tests/unit_tests/api/test_register.py" line="40" name="test_register_client_exception" time="0.005"></testcase><testcase classname="tests.unit_tests.periodic.__init__" file="tests/unit_tests/periodic/__init__.py" line="-1" name="FLAKE8" time="0.001"><skipped message="file(s) previously passed FLAKE8 checks" type="pytest.skip">/Users/ivanlee/miniconda3/envs/ucp/lib/python3.7/site-packages/pytest_flake8.py:106: file(s) previously passed FLAKE8 checks</skipped></testcase><testcase classname="tests.unit_tests.periodic.test_aggregate_and_send_metrics" file="tests/unit_tests/periodic/test_aggregate_and_send_metrics.py" line="-1" name="FLAKE8" time="0.001"><skipped message="file(s) previously passed FLAKE8 checks" type="pytest.skip">/Users/ivanlee/miniconda3/envs/ucp/lib/python3.7/site-packages/pytest_flake8.py:106: file(s) previously passed FLAKE8 checks</skipped></testcase><testcase classname="tests.unit_tests.periodic.test_aggregate_and_send_metrics" file="tests/unit_tests/periodic/test_aggregate_and_send_metrics.py" line="15" name="test_aggregate_and_send_metrics" time="0.006"></testcase><testcase classname="tests.unit_tests.periodic.test_fetch_and_load" file="tests/unit_tests/periodic/test_fetch_and_load.py" line="-1" name="FLAKE8" time="0.001"><skipped message="file(s) previously passed FLAKE8 checks" type="pytest.skip">/Users/ivanlee/miniconda3/envs/ucp/lib/python3.7/site-packages/pytest_flake8.py:106: file(s) previously passed FLAKE8 checks</skipped></testcase><testcase classname="tests.unit_tests.periodic.test_fetch_and_load" file="tests/unit_tests/periodic/test_fetch_and_load.py" line="12" name="test_fetch_and_load" time="0.005"></testcase><testcase classname="tests.unit_tests.periodic.test_fetch_and_load" file="tests/unit_tests/periodic/test_fetch_and_load.py" line="30" name="test_fetch_and_load_failure" time="0.008"></testcase><testcase classname="tests.unit_tests.strategies.test_applicationhostname" file="tests/unit_tests/strategies/test_applicationhostname.py" line="-1" name="FLAKE8" time="0.001"><skipped message="file(s) previously passed FLAKE8 checks" type="pytest.skip">/Users/ivanlee/miniconda3/envs/ucp/lib/python3.7/site-packages/pytest_flake8.py:106: file(s) previously passed FLAKE8 checks</skipped></testcase><testcase classname="tests.unit_tests.strategies.test_applicationhostname" file="tests/unit_tests/strategies/test_applicationhostname.py" line="10" name="test_applicationhostname" time="0.002"></testcase><testcase classname="tests.unit_tests.strategies.test_applicationhostname" file="tests/unit_tests/strategies/test_applicationhostname.py" line="14" name="test_applicationhostname_nomatch" time="0.001"></testcase><testcase classname="tests.unit_tests.strategies.test_defaultstrategy" file="tests/unit_tests/strategies/test_defaultstrategy.py" line="-1" name="FLAKE8" time="0.001"><skipped message="file(s) previously passed FLAKE8 checks" type="pytest.skip">/Users/ivanlee/miniconda3/envs/ucp/lib/python3.7/site-packages/pytest_flake8.py:106: file(s) previously passed FLAKE8 checks</skipped></testcase><testcase classname="tests.unit_tests.strategies.test_defaultstrategy" file="tests/unit_tests/strategies/test_defaultstrategy.py" line="9" name="test_defaultstrategy" time="0.001"></testcase><testcase classname="tests.unit_tests.strategies.test_gradualrolloutrandom" file="tests/unit_tests/strategies/test_gradualrolloutrandom.py" line="-1" name="FLAKE8" time="0.001"><skipped message="file(s) previously passed FLAKE8 checks" type="pytest.skip">/Users/ivanlee/miniconda3/envs/ucp/lib/python3.7/site-packages/pytest_flake8.py:106: file(s) previously passed FLAKE8 checks</skipped></testcase><testcase classname="tests.unit_tests.strategies.test_gradualrolloutrandom" file="tests/unit_tests/strategies/test_gradualrolloutrandom.py" line="9" name="test_userwithid" time="0.001"></testcase><testcase classname="tests.unit_tests.strategies.test_gradualrolloutrandom" file="tests/unit_tests/strategies/test_gradualrolloutrandom.py" line="13" name="test_object_eq" time="0.001"></testcase><testcase classname="tests.unit_tests.strategies.test_gradualrolloutwithsessionid" file="tests/unit_tests/strategies/test_gradualrolloutwithsessionid.py" line="-1" name="FLAKE8" time="0.001"><skipped message="file(s) previously passed FLAKE8 checks" type="pytest.skip">/Users/ivanlee/miniconda3/envs/ucp/lib/python3.7/site-packages/pytest_flake8.py:106: file(s) previously passed FLAKE8 checks</skipped></testcase><testcase classname="tests.unit_tests.strategies.test_gradualrolloutwithsessionid" file="tests/unit_tests/strategies/test_gradualrolloutwithsessionid.py" line="14" name="test_userwithid" time="0.002"></testcase><testcase classname="tests.unit_tests.strategies.test_gradualrolloutwithuserid" file="tests/unit_tests/strategies/test_gradualrolloutwithuserid.py" line="-1" name="FLAKE8" time="0.001"><skipped message="file(s) previously passed FLAKE8 checks" type="pytest.skip">/Users/ivanlee/miniconda3/envs/ucp/lib/python3.7/site-packages/pytest_flake8.py:106: file(s) previously passed FLAKE8 checks</skipped></testcase><testcase classname="tests.unit_tests.strategies.test_gradualrolloutwithuserid" file="tests/unit_tests/strategies/test_gradualrolloutwithuserid.py" line="10" name="test_userwithid" time="0.001"></testcase><testcase classname="tests.unit_tests.strategies.test_remoteaddress" file="tests/unit_tests/strategies/test_remoteaddress.py" line="-1" name="FLAKE8" time="0.001"><skipped message="file(s) previously passed FLAKE8 checks" type="pytest.skip">/Users/ivanlee/miniconda3/envs/ucp/lib/python3.7/site-packages/pytest_flake8.py:106: file(s) previously passed FLAKE8 checks</skipped></testcase><testcase classname="tests.unit_tests.strategies.test_remoteaddress" file="tests/unit_tests/strategies/test_remoteaddress.py" line="10" name="test_init_with_bad_address" time="0.001"></testcase><testcase classname="tests.unit_tests.strategies.test_remoteaddress" file="tests/unit_tests/strategies/test_remoteaddress.py" line="16" name="test_init_with_bad_range" time="0.001"></testcase><testcase classname="tests.unit_tests.strategies.test_remoteaddress" file="tests/unit_tests/strategies/test_remoteaddress.py" line="22" name="test_ipv4_range" time="0.001"></testcase><testcase classname="tests.unit_tests.strategies.test_remoteaddress" file="tests/unit_tests/strategies/test_remoteaddress.py" line="26" name="test_ipv4_value" time="0.001"></testcase><testcase classname="tests.unit_tests.strategies.test_remoteaddress" file="tests/unit_tests/strategies/test_remoteaddress.py" line="30" name="test_ipv6_rangee" time="0.001"></testcase><testcase classname="tests.unit_tests.strategies.test_remoteaddress" file="tests/unit_tests/strategies/test_remoteaddress.py" line="34" name="test_ipv6_value" time="0.001"></testcase><testcase classname="tests.unit_tests.strategies.test_remoteaddress" file="tests/unit_tests/strategies/test_remoteaddress.py" line="38" name="test_garbage_value" time="0.001"></testcase><testcase classname="tests.unit_tests.strategies.test_userwithids" file="tests/unit_tests/strategies/test_userwithids.py" line="-1" name="FLAKE8" time="0.001"><skipped message="file(s) previously passed FLAKE8 checks" type="pytest.skip">/Users/ivanlee/miniconda3/envs/ucp/lib/python3.7/site-packages/pytest_flake8.py:106: file(s) previously passed FLAKE8 checks</skipped></testcase><testcase classname="tests.unit_tests.strategies.test_userwithids" file="tests/unit_tests/strategies/test_userwithids.py" line="12" name="test_userwithid" time="0.001"></testcase><testcase classname="tests.unit_tests.strategies.test_userwithids" file="tests/unit_tests/strategies/test_userwithids.py" line="16" name="test_userwithid_missing_parameter" time="0.001"></testcase></testsuite>